This is pdfTeX, Version 3.14159265-2.6-1.40.17 (TeX Live 2016) (preloaded format=pdflatex 2016.6.8)  10 JUN 2017 14:43
entering extended mode
 restricted \write18 enabled.
 %&-line parsing enabled.
**cocoadust-tofu1966.tex
(./cocoadust-tofu1966.tex
LaTeX2e <2016/03/31>
Babel <3.9r> and hyphenation patterns for 83 language(s) loaded.
(/usr/local/texlive/2016/texmf-dist/tex/latex/base/article.cls
Document Class: article 2014/09/29 v1.4h Standard LaTeX document class
(/usr/local/texlive/2016/texmf-dist/tex/latex/base/size10.clo
File: size10.clo 2014/09/29 v1.4h Standard LaTeX file (size option)
)
\c@part=\count79
\c@section=\count80
\c@subsection=\count81
\c@subsubsection=\count82
\c@paragraph=\count83
\c@subparagraph=\count84
\c@figure=\count85
\c@table=\count86
\abovecaptionskip=\skip41
\belowcaptionskip=\skip42
\bibindent=\dimen102
)
(/usr/local/texlive/2016/texmf-dist/tex/latex/igo/igo.sty

++++++++++++++++++++++++++++++++++++++++++++++++++++++ 
++++++++++++ igo.sty - January 2007 - 0.62 +++++++++++ 
+ A TeX package to manipulate Go games and positions + 
++++++++++++++++++++++++++++++++++++++++++++++++++++++

(/usr/local/texlive/2016/texmf-dist/tex/latex/igo/repeat.tex
Loading loop macro, version 0.93
\REPdepth=\count87
)
\igo@count=\count88
\igo@endwhile=\count89
\igo@fontsize=\count90
\igo@minrow=\count91
\igo@maxrow=\count92
\igo@mincol=\count93
\igo@maxcol=\count94
\igo@box=\box26
\igo@dimen=\dimen103
\igo@board=\count95
\igo@boardlabelnum=\count96
)
No file cocoadust-tofu1966.aux.
\openout1 = `cocoadust-tofu1966.aux'.

LaTeX Font Info:    Checking defaults for OML/cmm/m/it on input line 3.
LaTeX Font Info:    ... okay on input line 3.
LaTeX Font Info:    Checking defaults for T1/cmr/m/n on input line 3.
LaTeX Font Info:    ... okay on input line 3.
LaTeX Font Info:    Checking defaults for OT1/cmr/m/n on input line 3.
LaTeX Font Info:    ... okay on input line 3.
LaTeX Font Info:    Checking defaults for OMS/cmsy/m/n on input line 3.
LaTeX Font Info:    ... okay on input line 3.
LaTeX Font Info:    Checking defaults for OMX/cmex/m/n on input line 3.
LaTeX Font Info:    ... okay on input line 3.
LaTeX Font Info:    Checking defaults for U/cmr/m/n on input line 3.
LaTeX Font Info:    ... okay on input line 3.
[1

{/usr/local/texlive/2016/texmf-var/fonts/map/pdftex/updmap/pdftex.map}]
\REPcounti=\count97
\REPtoksi=\toks14
\REPwtesti=\toks15
\REPutesti=\toks16
\REPcountii=\count98
\REPtoksii=\toks17
\REPwtestii=\toks18
\REPutestii=\toks19

Overfull \hbox (337.49405pt too wide) in paragraph at lines 31--31
[]\OT1/cmtt/m/n/10 This is new for me... I was trying my best to read it out, a
nd it seemed like I didn't really get a favorable result except for A.[] 
 []


Overfull \hbox (248.24483pt too wide) in paragraph at lines 31--31
[]\OT1/cmtt/m/n/10 According to josekipedia, this is a trick move.  Playing at 
A is a good start.  B leads to complicated variations[] 
 []

[1] [2] [3] [4] [5] [6] [7] [8] [9] [10] [11] [12] [13] [14]
(./cocoadust-tofu1966.aux) ) 
Here is how much of TeX's memory you used:
 1038 strings out of 493014
 14321 string characters out of 6133337
 87441 words of memory out of 5000000
 4651 multiletter control sequences out of 15000+600000
 5713 words of font info for 25 fonts, out of 8000000 for 9000
 1141 hyphenation exceptions out of 8191
 23i,4n,17p,498b,686s stack positions out of 5000i,500n,10000p,200000b,80000s
 </home/jared/.texlive2016/texmf-var/fonts/pk/ljfou
r/igo/igoblackiii10.600pk> </home/jared/.texlive2016/texmf-var/fonts/pk/ljfour/
igo/igowhiteiii10.600pk> </home/jared/.texlive2016/texmf-var/fonts/pk/ljfour/ig
o/igowhiteii10.600pk> </home/jared/.texlive2016/texmf-var/fonts/pk/ljfour/igo/i
goblackii10.600pk> </home/jared/.texlive2016/texmf-var/fonts/pk/ljfour/igo/igow
hitei10.600pk> </home/jared/.texlive2016/texmf-var/fonts/pk/ljfour/igo/igoblack
i10.600pk> </home/jared/.texlive2016/texmf-var/fonts/pk/ljfour/igo/igo10.600pk>
</usr/local/texlive/2016/texmf-dist/fonts/type1/public/amsfonts/cm/cmbx10.pfb><
/usr/local/texlive/2016/texmf-dist/fonts/type1/public/amsfonts/cm/cmbx12.pfb></
usr/local/texlive/2016/texmf-dist/fonts/type1/public/amsfonts/cm/cmr10.pfb></us
r/local/texlive/2016/texmf-dist/fonts/type1/public/amsfonts/cm/cmtt10.pfb>
Output written on cocoadust-tofu1966.pdf (15 pages, 99126 bytes).
PDF statistics:
 173 PDF objects out of 1000 (max. 8388607)
 75 compressed objects within 1 object stream
 0 named destinations out of 1000 (max. 500000)
 1 words of extra memory for PDF output out of 10000 (max. 10000000)

