This is pdfTeX, Version 3.14159265-2.6-1.40.17 (TeX Live 2016) (preloaded format=pdflatex 2016.6.8)  10 JUN 2017 14:43
entering extended mode
 restricted \write18 enabled.
 %&-line parsing enabled.
**jetumi.tex
(./jetumi.tex
LaTeX2e <2016/03/31>
Babel <3.9r> and hyphenation patterns for 83 language(s) loaded.
(/usr/local/texlive/2016/texmf-dist/tex/latex/base/article.cls
Document Class: article 2014/09/29 v1.4h Standard LaTeX document class
(/usr/local/texlive/2016/texmf-dist/tex/latex/base/size10.clo
File: size10.clo 2014/09/29 v1.4h Standard LaTeX file (size option)
)
\c@part=\count79
\c@section=\count80
\c@subsection=\count81
\c@subsubsection=\count82
\c@paragraph=\count83
\c@subparagraph=\count84
\c@figure=\count85
\c@table=\count86
\abovecaptionskip=\skip41
\belowcaptionskip=\skip42
\bibindent=\dimen102
)
(/usr/local/texlive/2016/texmf-dist/tex/latex/igo/igo.sty

++++++++++++++++++++++++++++++++++++++++++++++++++++++ 
++++++++++++ igo.sty - January 2007 - 0.62 +++++++++++ 
+ A TeX package to manipulate Go games and positions + 
++++++++++++++++++++++++++++++++++++++++++++++++++++++

(/usr/local/texlive/2016/texmf-dist/tex/latex/igo/repeat.tex
Loading loop macro, version 0.93
\REPdepth=\count87
)
\igo@count=\count88
\igo@endwhile=\count89
\igo@fontsize=\count90
\igo@minrow=\count91
\igo@maxrow=\count92
\igo@mincol=\count93
\igo@maxcol=\count94
\igo@box=\box26
\igo@dimen=\dimen103
\igo@board=\count95
\igo@boardlabelnum=\count96
)
No file jetumi.aux.
\openout1 = `jetumi.aux'.

LaTeX Font Info:    Checking defaults for OML/cmm/m/it on input line 3.
LaTeX Font Info:    ... okay on input line 3.
LaTeX Font Info:    Checking defaults for T1/cmr/m/n on input line 3.
LaTeX Font Info:    ... okay on input line 3.
LaTeX Font Info:    Checking defaults for OT1/cmr/m/n on input line 3.
LaTeX Font Info:    ... okay on input line 3.
LaTeX Font Info:    Checking defaults for OMS/cmsy/m/n on input line 3.
LaTeX Font Info:    ... okay on input line 3.
LaTeX Font Info:    Checking defaults for OMX/cmex/m/n on input line 3.
LaTeX Font Info:    ... okay on input line 3.
LaTeX Font Info:    Checking defaults for U/cmr/m/n on input line 3.
LaTeX Font Info:    ... okay on input line 3.
[1

{/usr/local/texlive/2016/texmf-var/fonts/map/pdftex/updmap/pdftex.map}]
\REPcounti=\count97
\REPtoksi=\toks14
\REPwtesti=\toks15
\REPutesti=\toks16
\REPcountii=\count98
\REPtoksii=\toks17
\REPwtestii=\toks18
\REPutestii=\toks19

[1]
Overfull \hbox (85.49625pt too wide) in paragraph at lines 60--60
[]\OT1/cmtt/m/n/10 Playable... but I will have to invade hard later if black ma
kes a large framework.[] 
 []

[2] [3] [4]
Overfull \hbox (106.49606pt too wide) in paragraph at lines 107--107
[]\OT1/cmtt/m/n/10 White wants to extend to A, but the triangle stone would onl
y allow an extension to B.[] 
 []

[5] [6] [7] [8] [9] [10] [11] [12] (./jetumi.aux) ) 
Here is how much of TeX's memory you used:
 1043 strings out of 493014
 14315 string characters out of 6133337
 84441 words of memory out of 5000000
 4656 multiletter control sequences out of 15000+600000
 5713 words of font info for 25 fonts, out of 8000000 for 9000
 1141 hyphenation exceptions out of 8191
 23i,4n,17p,376b,686s stack positions out of 5000i,500n,10000p,200000b,80000s
 </home/jared/.texlive2016/t
exmf-var/fonts/pk/ljfour/igo/igowhiteii10.600pk> </home/jared/.texlive2016/texm
f-var/fonts/pk/ljfour/igo/igoblackii10.600pk> </home/jared/.texlive2016/texmf-v
ar/fonts/pk/ljfour/igo/igowhitei10.600pk> </home/jared/.texlive2016/texmf-var/f
onts/pk/ljfour/igo/igoblacki10.600pk> </home/jared/.texlive2016/texmf-var/fonts
/pk/ljfour/igo/igo10.600pk></usr/local/texlive/2016/texmf-dist/fonts/type1/publ
ic/amsfonts/cm/cmbx10.pfb></usr/local/texlive/2016/texmf-dist/fonts/type1/publi
c/amsfonts/cm/cmbx12.pfb></usr/local/texlive/2016/texmf-dist/fonts/type1/public
/amsfonts/cm/cmr10.pfb></usr/local/texlive/2016/texmf-dist/fonts/type1/public/a
msfonts/cm/cmtt10.pfb>
Output written on jetumi.pdf (13 pages, 88683 bytes).
PDF statistics:
 144 PDF objects out of 1000 (max. 8388607)
 63 compressed objects within 1 object stream
 0 named destinations out of 1000 (max. 500000)
 1 words of extra memory for PDF output out of 10000 (max. 10000000)

