This is pdfTeX, Version 3.14159265-2.6-1.40.17 (TeX Live 2016) (preloaded format=pdflatex 2016.6.8)  10 JUN 2017 17:41
entering extended mode
 restricted \write18 enabled.
 %&-line parsing enabled.
**Moin9-Jarstar.tex
(./Moin9-Jarstar.tex
LaTeX2e <2016/03/31>
Babel <3.9r> and hyphenation patterns for 83 language(s) loaded.
(/usr/local/texlive/2016/texmf-dist/tex/latex/base/article.cls
Document Class: article 2014/09/29 v1.4h Standard LaTeX document class
(/usr/local/texlive/2016/texmf-dist/tex/latex/base/size10.clo
File: size10.clo 2014/09/29 v1.4h Standard LaTeX file (size option)
)
\c@part=\count79
\c@section=\count80
\c@subsection=\count81
\c@subsubsection=\count82
\c@paragraph=\count83
\c@subparagraph=\count84
\c@figure=\count85
\c@table=\count86
\abovecaptionskip=\skip41
\belowcaptionskip=\skip42
\bibindent=\dimen102
)
(/usr/local/texlive/2016/texmf-dist/tex/latex/igo/igo.sty

++++++++++++++++++++++++++++++++++++++++++++++++++++++ 
++++++++++++ igo.sty - January 2007 - 0.62 +++++++++++ 
+ A TeX package to manipulate Go games and positions + 
++++++++++++++++++++++++++++++++++++++++++++++++++++++

(/usr/local/texlive/2016/texmf-dist/tex/latex/igo/repeat.tex
Loading loop macro, version 0.93
\REPdepth=\count87
)
\igo@count=\count88
\igo@endwhile=\count89
\igo@fontsize=\count90
\igo@minrow=\count91
\igo@maxrow=\count92
\igo@mincol=\count93
\igo@maxcol=\count94
\igo@box=\box26
\igo@dimen=\dimen103
\igo@board=\count95
\igo@boardlabelnum=\count96
) (./Moin9-Jarstar.aux)
\openout1 = `Moin9-Jarstar.aux'.

LaTeX Font Info:    Checking defaults for OML/cmm/m/it on input line 3.
LaTeX Font Info:    ... okay on input line 3.
LaTeX Font Info:    Checking defaults for T1/cmr/m/n on input line 3.
LaTeX Font Info:    ... okay on input line 3.
LaTeX Font Info:    Checking defaults for OT1/cmr/m/n on input line 3.
LaTeX Font Info:    ... okay on input line 3.
LaTeX Font Info:    Checking defaults for OMS/cmsy/m/n on input line 3.
LaTeX Font Info:    ... okay on input line 3.
LaTeX Font Info:    Checking defaults for OMX/cmex/m/n on input line 3.
LaTeX Font Info:    ... okay on input line 3.
LaTeX Font Info:    Checking defaults for U/cmr/m/n on input line 3.
LaTeX Font Info:    ... okay on input line 3.
 [1

{/usr/local/texlive/2016/texmf-var/fonts/map/pdftex/updmap/pdftex.map}] (./Moin
9-Jarstar.toc
LaTeX Font Info:    External font `cmex10' loaded for size
(Font)              <7> on input line 2.
LaTeX Font Info:    External font `cmex10' loaded for size
(Font)              <5> on input line 2.

[1])
\tf@toc=\write3
\openout3 = `Moin9-Jarstar.toc'.

 [2]
\REPcounti=\count97
\REPtoksi=\toks14
\REPwtesti=\toks15
\REPutesti=\toks16
\REPcountii=\count98
\REPtoksii=\toks17
\REPwtestii=\toks18
\REPutestii=\toks19
 [3] [4] [5]
Underfull \hbox (badness 10000) in paragraph at lines 110--110

 []

[6]
Underfull \hbox (badness 10000) in paragraph at lines 132--132

 []

[7] [8] [9] [10]
Underfull \hbox (badness 10000) in paragraph at lines 210--210

 []

[11] [12] [13] [14]
Underfull \hbox (badness 10000) in paragraph at lines 290--290

 []


Underfull \hbox (badness 10000) in paragraph at lines 301--301

 []

[15] [16] [17] [18] [19] [20]
Underfull \hbox (badness 10000) in paragraph at lines 437--437

 []

[21]
Underfull \hbox (badness 10000) in paragraph at lines 449--449

 []

[22] (./Moin9-Jarstar.aux) ) 
Here is how much of TeX's memory you used:
 1042 strings out of 493014
 14353 string characters out of 6133337
 86441 words of memory out of 5000000
 4651 multiletter control sequences out of 15000+600000
 6150 words of font info for 26 fonts, out of 8000000 for 9000
 1141 hyphenation exceptions out of 8191
 23i,5n,18p,497b,682s stack positions out of 5000i,500n,10000p,200000b,80000s
 </home/jared/.texlive2016/texmf-var/fonts/pk/ljfou
r/igo/igowhiteiii10.600pk> </home/jared/.texlive2016/texmf-var/fonts/pk/ljfour/
igo/igoblackiii10.600pk> </home/jared/.texlive2016/texmf-var/fonts/pk/ljfour/ig
o/igoblackii10.600pk> </home/jared/.texlive2016/texmf-var/fonts/pk/ljfour/igo/i
gowhiteii10.600pk> </home/jared/.texlive2016/texmf-var/fonts/pk/ljfour/igo/igow
hitei10.600pk> </home/jared/.texlive2016/texmf-var/fonts/pk/ljfour/igo/igoblack
i10.600pk> </home/jared/.texlive2016/texmf-var/fonts/pk/ljfour/igo/igo10.600pk>
</usr/local/texlive/2016/texmf-dist/fonts/type1/public/amsfonts/cm/cmbx10.pfb><
/usr/local/texlive/2016/texmf-dist/fonts/type1/public/amsfonts/cm/cmbx12.pfb></
usr/local/texlive/2016/texmf-dist/fonts/type1/public/amsfonts/cm/cmr10.pfb>
Output written on Moin9-Jarstar.pdf (23 pages, 221047 bytes).
PDF statistics:
 417 PDF objects out of 1000 (max. 8388607)
 89 compressed objects within 1 object stream
 0 named destinations out of 1000 (max. 500000)
 1 words of extra memory for PDF output out of 10000 (max. 10000000)

