This is pdfTeX, Version 3.14159265-2.6-1.40.17 (TeX Live 2016) (preloaded format=pdflatex 2016.6.8)  11 JUN 2017 15:19
entering extended mode
 restricted \write18 enabled.
 %&-line parsing enabled.
**younggil.tex
(./younggil.tex
LaTeX2e <2016/03/31>
Babel <3.9r> and hyphenation patterns for 83 language(s) loaded.
(/usr/local/texlive/2016/texmf-dist/tex/latex/base/article.cls
Document Class: article 2014/09/29 v1.4h Standard LaTeX document class
(/usr/local/texlive/2016/texmf-dist/tex/latex/base/size10.clo
File: size10.clo 2014/09/29 v1.4h Standard LaTeX file (size option)
)
\c@part=\count79
\c@section=\count80
\c@subsection=\count81
\c@subsubsection=\count82
\c@paragraph=\count83
\c@subparagraph=\count84
\c@figure=\count85
\c@table=\count86
\abovecaptionskip=\skip41
\belowcaptionskip=\skip42
\bibindent=\dimen102
)
(/usr/local/texlive/2016/texmf-dist/tex/latex/igo/igo.sty

++++++++++++++++++++++++++++++++++++++++++++++++++++++ 
++++++++++++ igo.sty - January 2007 - 0.62 +++++++++++ 
+ A TeX package to manipulate Go games and positions + 
++++++++++++++++++++++++++++++++++++++++++++++++++++++

(/usr/local/texlive/2016/texmf-dist/tex/latex/igo/repeat.tex
Loading loop macro, version 0.93
\REPdepth=\count87
)
\igo@count=\count88
\igo@endwhile=\count89
\igo@fontsize=\count90
\igo@minrow=\count91
\igo@maxrow=\count92
\igo@mincol=\count93
\igo@maxcol=\count94
\igo@box=\box26
\igo@dimen=\dimen103
\igo@board=\count95
\igo@boardlabelnum=\count96
)
(/usr/local/texlive/2016/texmf-dist/tex/latex/listings/listings.sty
(/usr/local/texlive/2016/texmf-dist/tex/latex/graphics/keyval.sty
Package: keyval 2014/10/28 v1.15 key=value parser (DPC)
\KV@toks@=\toks14
)
\lst@mode=\count97
\lst@gtempboxa=\box27
\lst@token=\toks15
\lst@length=\count98
\lst@currlwidth=\dimen104
\lst@column=\count99
\lst@pos=\count100
\lst@lostspace=\dimen105
\lst@width=\dimen106
\lst@newlines=\count101
\lst@lineno=\count102
\lst@maxwidth=\dimen107

(/usr/local/texlive/2016/texmf-dist/tex/latex/listings/lstmisc.sty
File: lstmisc.sty 2015/06/04 1.6 (Carsten Heinz)
\c@lstnumber=\count103
\lst@skipnumbers=\count104
\lst@framebox=\box28
)
(/usr/local/texlive/2016/texmf-dist/tex/latex/listings/listings.cfg
File: listings.cfg 2015/06/04 1.6 listings configuration
))
Package: listings 2015/06/04 1.6 (Carsten Heinz)

(./younggil.aux)
\openout1 = `younggil.aux'.

LaTeX Font Info:    Checking defaults for OML/cmm/m/it on input line 9.
LaTeX Font Info:    ... okay on input line 9.
LaTeX Font Info:    Checking defaults for T1/cmr/m/n on input line 9.
LaTeX Font Info:    ... okay on input line 9.
LaTeX Font Info:    Checking defaults for OT1/cmr/m/n on input line 9.
LaTeX Font Info:    ... okay on input line 9.
LaTeX Font Info:    Checking defaults for OMS/cmsy/m/n on input line 9.
LaTeX Font Info:    ... okay on input line 9.
LaTeX Font Info:    Checking defaults for OMX/cmex/m/n on input line 9.
LaTeX Font Info:    ... okay on input line 9.
LaTeX Font Info:    Checking defaults for U/cmr/m/n on input line 9.
LaTeX Font Info:    ... okay on input line 9.
\c@lstlisting=\count105
 [1

{/usr/local/texlive/2016/texmf-var/fonts/map/pdftex/updmap/pdftex.map}] (./youn
ggil.toc
LaTeX Font Info:    External font `cmex10' loaded for size
(Font)              <7> on input line 2.
LaTeX Font Info:    External font `cmex10' loaded for size
(Font)              <5> on input line 2.
)
\tf@toc=\write3
\openout3 = `younggil.toc'.

 [1]
\REPcounti=\count106
\REPtoksi=\toks16
\REPwtesti=\toks17
\REPutesti=\toks18
\REPcountii=\count107
\REPtoksii=\toks19
\REPwtestii=\toks20
\REPutestii=\toks21
 [2]
Overfull \hbox (69.54651pt too wide) in paragraph at lines 78--79
 [] 
 []

[3]
Overfull \hbox (69.54651pt too wide) in paragraph at lines 96--97
 [] 
 []

[4] [5]
Overfull \hbox (69.54651pt too wide) in paragraph at lines 111--112
 [] 
 []


Overfull \hbox (69.54651pt too wide) in paragraph at lines 125--126
 [] 
 []

[6] [7]
Overfull \hbox (69.54651pt too wide) in paragraph at lines 152--153
 [] 
 []

[8]
Overfull \hbox (69.54651pt too wide) in paragraph at lines 165--166
 [] 
 []


Overfull \hbox (69.54651pt too wide) in paragraph at lines 178--179
 [] 
 []

[9]
Overfull \hbox (69.54651pt too wide) in paragraph at lines 193--194
 [] 
 []

[10] [11]
Overfull \hbox (69.54651pt too wide) in paragraph at lines 208--209
 [] 
 []


Overfull \hbox (69.54651pt too wide) in paragraph at lines 221--222
 [] 
 []

[12]
Overfull \hbox (69.54651pt too wide) in paragraph at lines 234--235
 [] 
 []

[13]
Overfull \hbox (69.54651pt too wide) in paragraph at lines 246--247
 [] 
 []

[14]
Overfull \hbox (69.54651pt too wide) in paragraph at lines 261--262
 [] 
 []

[15]
Overfull \hbox (69.54651pt too wide) in paragraph at lines 274--275
 [] 
 []

[16]
Overfull \hbox (69.54651pt too wide) in paragraph at lines 290--291
 [] 
 []

[17]
Overfull \hbox (69.54651pt too wide) in paragraph at lines 305--306
 [] 
 []

[18]
Overfull \hbox (69.54651pt too wide) in paragraph at lines 318--319
 [] 
 []

[19]
Overfull \hbox (69.54651pt too wide) in paragraph at lines 340--341
 [] 
 []

[20] [21]
Overfull \hbox (69.54651pt too wide) in paragraph at lines 356--357
 [] 
 []


Overfull \hbox (69.54651pt too wide) in paragraph at lines 371--372
 [] 
 []

[22] [23]
Overfull \hbox (69.54651pt too wide) in paragraph at lines 387--388
 [] 
 []


Overfull \hbox (69.54651pt too wide) in paragraph at lines 400--401
 [] 
 []

[24]
Overfull \hbox (69.54651pt too wide) in paragraph at lines 413--414
 [] 
 []

[25] [26]
Overfull \hbox (69.54651pt too wide) in paragraph at lines 432--433
 [] 
 []


Overfull \hbox (69.54651pt too wide) in paragraph at lines 443--444
 [] 
 []

[27]
Overfull \hbox (69.54651pt too wide) in paragraph at lines 454--455
 [] 
 []

[28]
Overfull \hbox (69.54651pt too wide) in paragraph at lines 465--466
 [] 
 []

[29]
Overfull \hbox (69.54651pt too wide) in paragraph at lines 481--482
 [] 
 []

[30] [31]
Overfull \hbox (69.54651pt too wide) in paragraph at lines 502--503
 [] 
 []

[32]
Overfull \hbox (69.54651pt too wide) in paragraph at lines 521--522
 [] 
 []


Overfull \hbox (69.54651pt too wide) in paragraph at lines 532--533
 [] 
 []

[33]
Overfull \hbox (69.54651pt too wide) in paragraph at lines 551--552
 [] 
 []

[34]
Overfull \hbox (69.54651pt too wide) in paragraph at lines 562--563
 [] 
 []

[35]
Overfull \hbox (69.54651pt too wide) in paragraph at lines 573--574
 [] 
 []

[36]
Overfull \hbox (69.54651pt too wide) in paragraph at lines 588--589
 [] 
 []

[37]
Overfull \hbox (69.54651pt too wide) in paragraph at lines 600--601
 [] 
 []

[38]
Overfull \hbox (69.54651pt too wide) in paragraph at lines 614--615
 [] 
 []

[39]
Overfull \hbox (69.54651pt too wide) in paragraph at lines 633--634
 [] 
 []

[40] [41]
Overfull \hbox (69.54651pt too wide) in paragraph at lines 648--649
 [] 
 []


Overfull \hbox (69.54651pt too wide) in paragraph at lines 659--660
 [] 
 []

[42]
Overfull \hbox (69.54651pt too wide) in paragraph at lines 670--671
 [] 
 []

[43]
Overfull \hbox (69.54651pt too wide) in paragraph at lines 683--684
 [] 
 []

[44]
Overfull \hbox (69.54651pt too wide) in paragraph at lines 697--698
 [] 
 []

[45]
Overfull \hbox (69.54651pt too wide) in paragraph at lines 713--714
 [] 
 []

[46] [47]
Overfull \hbox (69.54651pt too wide) in paragraph at lines 729--730
 [] 
 []

[48] [49]
Overfull \hbox (69.54651pt too wide) in paragraph at lines 778--779
 [] 
 []

[50] [51] (./younggil.aux) ) 
Here is how much of TeX's memory you used:
 2284 strings out of 493014
 32573 string characters out of 6133337
 191435 words of memory out of 5000000
 5861 multiletter control sequences out of 15000+600000
 8600 words of font info for 42 fonts, out of 8000000 for 9000
 1141 hyphenation exceptions out of 8191
 26i,5n,32p,383b,1644s stack positions out of 5000i,500n,10000p,200000b,80000s
 </home/jared/.texlive2016/texmf-var/fonts/pk/ljfou
r/igo/igoblackii20.600pk> </home/jared/.texlive2016/texmf-var/fonts/pk/ljfour/i
go/igowhiteii20.600pk> </home/jared/.texlive2016/texmf-var/fonts/pk/ljfour/igo/
igowhitei20.600pk> </home/jared/.texlive2016/texmf-var/fonts/pk/ljfour/igo/igob
lacki20.600pk> </home/jared/.texlive2016/texmf-var/fonts/pk/ljfour/igo/igo20.60
0pk> </home/jared/.texlive2016/texmf-var/fonts/pk/ljfour/igo/igowhitei15.600pk>
 </home/jared/.texlive2016/texmf-var/fonts/pk/ljfour/igo/igoblacki15.600pk> </h
ome/jared/.texlive2016/texmf-var/fonts/pk/ljfour/igo/igo15.600pk> </home/jared/
.texlive2016/texmf-var/fonts/pk/ljfour/igo/igowhitei10.600pk> </home/jared/.tex
live2016/texmf-var/fonts/pk/ljfour/igo/igoblacki10.600pk> </home/jared/.texlive
2016/texmf-var/fonts/pk/ljfour/igo/igo10.600pk></usr/local/texlive/2016/texmf-d
ist/fonts/type1/public/amsfonts/cm/cmbx10.pfb></usr/local/texlive/2016/texmf-di
st/fonts/type1/public/amsfonts/cm/cmbx12.pfb></usr/local/texlive/2016/texmf-dis
t/fonts/type1/public/amsfonts/cm/cmr10.pfb></usr/local/texlive/2016/texmf-dist/
fonts/type1/public/amsfonts/cm/cmtt9.pfb>
Output written on younggil.pdf (52 pages, 270488 bytes).
PDF statistics:
 453 PDF objects out of 1000 (max. 8388607)
 173 compressed objects within 2 object streams
 0 named destinations out of 1000 (max. 500000)
 1 words of extra memory for PDF output out of 10000 (max. 10000000)

